2025-05-16 10:21:38,532 - INFO - 开始数据导入流程
2025-05-16 10:21:38,576 - INFO - 成功读取CSV文件，共 10000 条记录
2025-05-16 10:22:50,955 - INFO - 开始数据导入流程
2025-05-16 10:22:50,995 - INFO - 成功读取CSV文件，共 10000 条记录
2025-05-16 10:23:57,724 - INFO - 开始数据导入流程
2025-05-16 10:23:57,765 - INFO - 成功读取CSV文件，共 10000 条记录
2025-05-16 10:24:26,052 - INFO - 开始数据导入流程
2025-05-16 10:24:26,103 - INFO - 成功读取CSV文件，共 10000 条记录
2025-05-16 10:27:38,424 - INFO - 开始数据导入流程
2025-05-16 10:27:38,489 - ERROR - 读取CSV文件时出错: Missing column provided to 'parse_dates': 'delivery_time'
2025-05-16 10:29:02,785 - INFO - 开始数据导入流程
2025-05-16 10:29:02,850 - ERROR - 读取CSV文件时出错: Missing column provided to 'parse_dates': 'delivery_time'
2025-05-16 10:36:09,831 - INFO - 开始数据导入流程
2025-05-16 10:36:09,937 - INFO - 成功读取CSV文件，共 10000 条记录
2025-05-16 10:47:28,466 - INFO - 开始数据导入流程
2025-05-16 10:47:28,498 - INFO - 成功读取CSV文件，共 10000 条记录
2025-05-16 10:47:28,628 - INFO - 成功连接到MySQL数据库
2025-05-16 10:47:29,278 - ERROR - 批量插入时出错: 1406 (22001): Data too long for column 'state' at row 3
2025-05-16 10:47:29,283 - ERROR - 数据导入过程中出现错误
2025-05-16 10:47:29,284 - INFO - 数据库连接已关闭
2025-05-16 10:55:49,524 - INFO - 开始数据导入流程
2025-05-16 10:55:49,547 - INFO - 成功读取CSV文件，共 10000 条记录
2025-05-16 10:55:49,703 - INFO - 成功连接到MySQL数据库
2025-05-16 10:55:51,206 - INFO - 成功插入 10000 条记录
2025-05-16 10:55:51,208 - INFO - 数据导入成功
2025-05-16 10:55:51,208 - INFO - 数据库连接已关闭
